<?xml version="1.0" encoding="UTF-8"?>
  <testsuite tests="9" failures="0" time="1156.34532631">
      <testcase name="MongoDB Test General - should run successfully" classname="e2e Suite" time="0">
          <skipped></skipped>
      </testcase>
      <testcase name="MongoDB Test General With PVC should run successfully" classname="e2e Suite" time="0">
          <skipped></skipped>
      </testcase>
      <testcase name="MongoDB Test DoNotPause should work successfully" classname="e2e Suite" time="75.107833153"></testcase>
      <testcase name="MongoDB Test Snapshot In Local should take Snapshot successfully" classname="e2e Suite" time="0">
          <skipped></skipped>
      </testcase>
      <testcase name="MongoDB Test Snapshot In S3 should take Snapshot successfully" classname="e2e Suite" time="0">
          <skipped></skipped>
      </testcase>
      <testcase name="MongoDB Test Snapshot In GCS should take Snapshot successfully" classname="e2e Suite" time="121.430191828"></testcase>
      <testcase name="MongoDB Test Snapshot In GCS With Init should resume DormantDatabase successfully" classname="e2e Suite" time="121.676138666"></testcase>
      <testcase name="MongoDB Test Snapshot In Azure should take Snapshot successfully" classname="e2e Suite" time="0">
          <skipped></skipped>
      </testcase>
      <testcase name="MongoDB Test Snapshot In Swift should take Snapshot successfully" classname="e2e Suite" time="0">
          <skipped></skipped>
      </testcase>
      <testcase name="MongoDB Test Initialize With Script should run successfully" classname="e2e Suite" time="45.112269268"></testcase>
      <testcase name="MongoDB Test Initialize With Snapshot should run successfully" classname="e2e Suite" time="190.826976058"></testcase>
      <testcase name="MongoDB Test Resume - should resume DormantDatabase successfully" classname="e2e Suite" time="120.098522425"></testcase>
      <testcase name="MongoDB Test Resume With Init should resume DormantDatabase successfully" classname="e2e Suite" time="120.096301336"></testcase>
      <testcase name="MongoDB Test Resume With original MongoDB should resume DormantDatabase successfully" classname="e2e Suite" time="115.110932007"></testcase>
      <testcase name="MongoDB Test Resume With original MongoDB with init and pvc should resume DormantDatabase successfully" classname="e2e Suite" time="245.781495558"></testcase>
      <testcase name="MongoDB Test SnapshotScheduler With Startup with local should run schedular successfully" classname="e2e Suite" time="0">
          <skipped></skipped>
      </testcase>
      <testcase name="MongoDB Test SnapshotScheduler With Startup with GCS and PVC should run schedular successfully" classname="e2e Suite" time="0">
          <skipped></skipped>
      </testcase>
      <testcase name="MongoDB Test SnapshotScheduler With Update should run schedular successfully" classname="e2e Suite" time="0">
          <skipped></skipped>
      </testcase>
  </testsuite>