<?xml version="1.0" encoding="UTF-8"?>
  <testsuite tests="22" failures="22" time="6.935543086"></testsuite>