<?xml version="1.0" encoding="UTF-8"?>
  <testsuite tests="16" failures="0" time="1792.02307616">
      <testcase name="MongoDB Test General Without PVC should run successfully" classname="e2e Suite" time="53.223195621"></testcase>
      <testcase name="MongoDB Test General With PVC should run successfully" classname="e2e Suite" time="75.290563422"></testcase>
      <testcase name="MongoDB Test DoNotPause should work successfully" classname="e2e Suite" time="69.567311715"></testcase>
      <testcase name="MongoDB Test Snapshot In Local should take Snapshot successfully" classname="e2e Suite" time="60.15610571"></testcase>
      <testcase name="MongoDB Test Snapshot In Local Without PVC should run successfully" classname="e2e Suite" time="69.369861585"></testcase>
      <testcase name="MongoDB Test Snapshot In S3 should take Snapshot successfully" classname="e2e Suite" time="0">
          <skipped></skipped>
      </testcase>
      <testcase name="MongoDB Test Snapshot In GCS should take Snapshot successfully" classname="e2e Suite" time="74.19626657"></testcase>
      <testcase name="MongoDB Test Snapshot In GCS With Init should resume DormantDatabase successfully" classname="e2e Suite" time="73.17030815"></testcase>
      <testcase name="MongoDB Test Snapshot In Azure should take Snapshot successfully" classname="e2e Suite" time="0">
          <skipped></skipped>
      </testcase>
      <testcase name="MongoDB Test Snapshot In Swift should take Snapshot successfully" classname="e2e Suite" time="0">
          <skipped></skipped>
      </testcase>
      <testcase name="MongoDB Test Initialize With Script should run successfully" classname="e2e Suite" time="55.83262935"></testcase>
      <testcase name="MongoDB Test Initialize With Snapshot should run successfully" classname="e2e Suite" time="170.564104339"></testcase>
      <testcase name="MongoDB Test Resume Without Init should resume DormantDatabase successfully" classname="e2e Suite" time="90.867939367"></testcase>
      <testcase name="MongoDB Test Resume with init Script should resume DormantDatabase successfully" classname="e2e Suite" time="70.924544896"></testcase>
      <testcase name="MongoDB Test Resume With Snapshot Init should resume successfully" classname="e2e Suite" time="212.671565691"></testcase>
      <testcase name="MongoDB Test Resume Multiple times with init should resume DormantDatabase successfully" classname="e2e Suite" time="174.403179984"></testcase>
      <testcase name="MongoDB Test SnapshotScheduler With Startup with local should run schedular successfully" classname="e2e Suite" time="173.442573543"></testcase>
      <testcase name="MongoDB Test SnapshotScheduler With Startup with GCS and PVC should run schedular successfully" classname="e2e Suite" time="192.827649176"></testcase>
      <testcase name="MongoDB Test SnapshotScheduler With Update should run schedular successfully" classname="e2e Suite" time="159.354200581"></testcase>
  </testsuite>