<?xml version="1.0" encoding="UTF-8"?>
  <testsuite tests="19" failures="19" time="3.782727242"></testsuite>