<?xml version="1.0" encoding="UTF-8"?>
  <testsuite tests="1" failures="0" time="702.45842764">
      <testcase name="MongoDB Test General Without PVC should run successfully" classname="e2e Suite" time="0">
          <skipped></skipped>
      </testcase>
  </testsuite>