<?xml version="1.0" encoding="UTF-8"?>
  <testsuite tests="18" failures="0" time="2280.107676991">
      <testcase name="MongoDB Test General Without PVC should run successfully" classname="e2e Suite" time="66.798526732"></testcase>
      <testcase name="MongoDB Test General With PVC should run successfully" classname="e2e Suite" time="94.605721675"></testcase>
      <testcase name="MongoDB Test DoNotPause should work successfully" classname="e2e Suite" time="62.496515511"></testcase>
      <testcase name="MongoDB Test Snapshot In Local should take Snapshot successfully" classname="e2e Suite" time="69.560657364"></testcase>
      <testcase name="MongoDB Test Snapshot In Local Without PVC should run successfully" classname="e2e Suite" time="71.57836725"></testcase>
      <testcase name="MongoDB Test Snapshot In S3 should take Snapshot successfully" classname="e2e Suite" time="0">
          <skipped></skipped>
      </testcase>
      <testcase name="MongoDB Test Snapshot In GCS Without Init should take Snapshot successfully" classname="e2e Suite" time="78.997251534"></testcase>
      <testcase name="MongoDB Test Snapshot In GCS With Init should take Snapshot successfully" classname="e2e Suite" time="67.512034424"></testcase>
      <testcase name="MongoDB Test Snapshot In GCS Delete One Snapshot keeping others Delete One Snapshot keeping others" classname="e2e Suite" time="123.4716085"></testcase>
      <testcase name="MongoDB Test Snapshot In Azure should take Snapshot successfully" classname="e2e Suite" time="0">
          <skipped></skipped>
      </testcase>
      <testcase name="MongoDB Test Snapshot In Swift should take Snapshot successfully" classname="e2e Suite" time="0">
          <skipped></skipped>
      </testcase>
      <testcase name="MongoDB Test Initialize With Script should run successfully" classname="e2e Suite" time="49.21439526"></testcase>
      <testcase name="MongoDB Test Initialize With Snapshot should run successfully" classname="e2e Suite" time="166.797296416"></testcase>
      <testcase name="MongoDB Test Resume Super Fast User - Create-Delete-Create-Delete-Create  should resume DormantDatabase successfully" classname="e2e Suite" time="86.295680352"></testcase>
      <testcase name="MongoDB Test Resume Without Init should resume DormantDatabase successfully" classname="e2e Suite" time="86.031658308"></testcase>
      <testcase name="MongoDB Test Resume with init Script should resume DormantDatabase successfully" classname="e2e Suite" time="99.663259427"></testcase>
      <testcase name="MongoDB Test Resume With Snapshot Init should resume successfully" classname="e2e Suite" time="192.448267623"></testcase>
      <testcase name="MongoDB Test Resume Multiple times with init should resume DormantDatabase successfully" classname="e2e Suite" time="158.11478742"></testcase>
      <testcase name="MongoDB Test SnapshotScheduler With Startup with local should run schedular successfully" classname="e2e Suite" time="287.402565447"></testcase>
      <testcase name="MongoDB Test SnapshotScheduler With Startup with GCS and PVC should run schedular successfully" classname="e2e Suite" time="313.590742715"></testcase>
      <testcase name="MongoDB Test SnapshotScheduler With Update - with Local should run schedular successfully" classname="e2e Suite" time="190.389296485"></testcase>
  </testsuite>