<?xml version="1.0" encoding="UTF-8"?>
  <testsuite tests="1" failures="1" time="5.215046524"></testsuite>