<?xml version="1.0" encoding="UTF-8"?>
  <testsuite tests="3" failures="0" time="215.323066421">
      <testcase name="MongoDB Test General Without PVC should run successfully" classname="e2e Suite" time="51.229578209"></testcase>
      <testcase name="MongoDB Test General With PVC should run successfully" classname="e2e Suite" time="77.084340063"></testcase>
  </testsuite>