<?xml version="1.0" encoding="UTF-8"?>
  <testsuite tests="14" failures="0" time="1504.707515628">
      <testcase name="MongoDB Test General - should run successfully" classname="e2e Suite" time="60.08356222"></testcase>
      <testcase name="MongoDB Test General With PVC should run successfully" classname="e2e Suite" time="60.079245222"></testcase>
      <testcase name="MongoDB Test DoNotPause should work successfully" classname="e2e Suite" time="0">
          <skipped></skipped>
      </testcase>
      <testcase name="MongoDB Test Snapshot In Local should take Snapshot successfully" classname="e2e Suite" time="60.226327501"></testcase>
      <testcase name="MongoDB Test Snapshot In Local With PVC should run successfully" classname="e2e Suite" time="60.204535731"></testcase>
      <testcase name="MongoDB Test Snapshot In S3 should take Snapshot successfully" classname="e2e Suite" time="0">
          <skipped></skipped>
      </testcase>
      <testcase name="MongoDB Test Snapshot In GCS should take Snapshot successfully" classname="e2e Suite" time="61.413217339"></testcase>
      <testcase name="MongoDB Test Snapshot In GCS With Init should resume DormantDatabase successfully" classname="e2e Suite" time="61.472471475"></testcase>
      <testcase name="MongoDB Test Snapshot In Azure should take Snapshot successfully" classname="e2e Suite" time="0">
          <skipped></skipped>
      </testcase>
      <testcase name="MongoDB Test Snapshot In Swift should take Snapshot successfully" classname="e2e Suite" time="0">
          <skipped></skipped>
      </testcase>
      <testcase name="MongoDB Test Initialize With Script should run successfully" classname="e2e Suite" time="60.053217406"></testcase>
      <testcase name="MongoDB Test Initialize With Snapshot should run successfully" classname="e2e Suite" time="176.209249397"></testcase>
      <testcase name="MongoDB Test Resume - should resume DormantDatabase successfully" classname="e2e Suite" time="120.134284896"></testcase>
      <testcase name="MongoDB Test Resume With Init should resume DormantDatabase successfully" classname="e2e Suite" time="120.116152007"></testcase>
      <testcase name="MongoDB Test Resume With original MongoDB should resume DormantDatabase successfully" classname="e2e Suite" time="120.103767697"></testcase>
      <testcase name="MongoDB Test Resume With original MongoDB Multiple times with init should resume DormantDatabase successfully" classname="e2e Suite" time="240.221126889"></testcase>
      <testcase name="MongoDB Test SnapshotScheduler With Startup with local should run schedular successfully" classname="e2e Suite" time="0">
          <skipped></skipped>
      </testcase>
      <testcase name="MongoDB Test SnapshotScheduler With Startup with GCS and PVC should run schedular successfully" classname="e2e Suite" time="120.131030419"></testcase>
      <testcase name="MongoDB Test SnapshotScheduler With Update should run schedular successfully" classname="e2e Suite" time="180.132084793"></testcase>
  </testsuite>