<?xml version="1.0" encoding="UTF-8"?>
  <testsuite tests="1" failures="1" time="33.135398135">
      <testcase name="MongoDB Test General - should run successfully" classname="e2e Suite" time="0">
          <skipped></skipped>
      </testcase>
      <testcase name="MongoDB Test General With PVC should run successfully" classname="e2e Suite" time="0">
          <skipped></skipped>
      </testcase>
      <testcase name="MongoDB Test DoNotPause should work successfully" classname="e2e Suite" time="0">
          <skipped></skipped>
      </testcase>
      <testcase name="MongoDB Test Snapshot In Local should take Snapshot successfully" classname="e2e Suite" time="0">
          <skipped></skipped>
      </testcase>
      <testcase name="MongoDB Test Snapshot In Local With PVC should run successfully" classname="e2e Suite" time="0">
          <skipped></skipped>
      </testcase>
      <testcase name="MongoDB Test Snapshot In S3 should take Snapshot successfully" classname="e2e Suite" time="0">
          <skipped></skipped>
      </testcase>
      <testcase name="MongoDB Test Snapshot In GCS should take Snapshot successfully" classname="e2e Suite" time="0">
          <skipped></skipped>
      </testcase>
      <testcase name="MongoDB Test Snapshot In GCS With Init should resume DormantDatabase successfully" classname="e2e Suite" time="0">
          <skipped></skipped>
      </testcase>
      <testcase name="MongoDB Test Snapshot In Azure should take Snapshot successfully" classname="e2e Suite" time="0">
          <skipped></skipped>
      </testcase>
      <testcase name="MongoDB Test Snapshot In Swift should take Snapshot successfully" classname="e2e Suite" time="0">
          <skipped></skipped>
      </testcase>
      <testcase name="MongoDB Test Initialize With Script should run successfully" classname="e2e Suite" time="0">
          <skipped></skipped>
      </testcase>
      <testcase name="MongoDB Test Initialize With Snapshot should run successfully" classname="e2e Suite" time="30.03177615">
          <failure type="Failure">/home/maruf/go/src/github.com/kubedb/mongodb/test/e2e/mongodb_test.go:314&#xA;Expected&#xA;    &lt;v1alpha1.SnapshotPhase&gt;: Failed&#xA;not to equal&#xA;    &lt;v1alpha1.SnapshotPhase&gt;: Failed&#xA;/home/maruf/go/src/github.com/kubedb/mongodb/test/e2e/framework/snapshot.go:49</failure>
          <system-out>[BeforeEach] MongoDB&#xA;  /home/maruf/go/src/github.com/kubedb/mongodb/test/e2e/mongodb_test.go:34&#xA;[BeforeEach] With Snapshot&#xA;  /home/maruf/go/src/github.com/kubedb/mongodb/test/e2e/mongodb_test.go:305&#xA;[It] should run successfully&#xA;  /home/maruf/go/src/github.com/kubedb/mongodb/test/e2e/mongodb_test.go:314&#xA;�[1mSTEP�[0m: Create MongoDB: mongodb-r34hzq&#xA;�[1mSTEP�[0m: Wait for Running mongodb&#xA;�[1mSTEP�[0m: Create Secret&#xA;�[1mSTEP�[0m: Create Snapshot&#xA;�[1mSTEP�[0m: Check for Successed snapshot&#xA;[AfterEach] With Snapshot&#xA;  /home/maruf/go/src/github.com/kubedb/mongodb/test/e2e/mongodb_test.go:301&#xA;</system-out>
      </testcase>
      <testcase name="MongoDB Test Resume - should resume DormantDatabase successfully" classname="e2e Suite" time="0">
          <skipped></skipped>
      </testcase>
      <testcase name="MongoDB Test Resume With Init should resume DormantDatabase successfully" classname="e2e Suite" time="0">
          <skipped></skipped>
      </testcase>
      <testcase name="MongoDB Test Resume With original MongoDB should resume DormantDatabase successfully" classname="e2e Suite" time="0">
          <skipped></skipped>
      </testcase>
      <testcase name="MongoDB Test Resume With original MongoDB Multiple times with init should resume DormantDatabase successfully" classname="e2e Suite" time="0">
          <skipped></skipped>
      </testcase>
      <testcase name="MongoDB Test SnapshotScheduler With Startup with local should run schedular successfully" classname="e2e Suite" time="0">
          <skipped></skipped>
      </testcase>
      <testcase name="MongoDB Test SnapshotScheduler With Startup with GCS and PVC should run schedular successfully" classname="e2e Suite" time="0">
          <skipped></skipped>
      </testcase>
      <testcase name="MongoDB Test SnapshotScheduler With Update should run schedular successfully" classname="e2e Suite" time="0">
          <skipped></skipped>
      </testcase>
  </testsuite>