<?xml version="1.0" encoding="UTF-8"?>
  <testsuite tests="9" failures="1" time="635.064303961">
      <testcase name="MongoDB Test General Without PVC should run successfully" classname="e2e Suite" time="56.716808998"></testcase>
      <testcase name="MongoDB Test General With PVC should run successfully" classname="e2e Suite" time="103.898579942"></testcase>
      <testcase name="MongoDB Test DoNotPause should work successfully" classname="e2e Suite" time="62.050399768"></testcase>
      <testcase name="MongoDB Test Snapshot In Local should take Snapshot successfully" classname="e2e Suite" time="68.351596964"></testcase>
      <testcase name="MongoDB Test Snapshot In Local Without PVC should run successfully" classname="e2e Suite" time="64.220035723"></testcase>
      <testcase name="MongoDB Test Snapshot In S3 should take Snapshot successfully" classname="e2e Suite" time="15.657919269">
          <failure type="Failure">/home/maruf/go/src/github.com/kubedb/mongodb/test/e2e/mongodb_test.go:255&#xA;Expected error:&#xA;    &lt;*errors.errorString | 0xc4216036d0&gt;: {&#xA;        s: &#34;an empty namespace may not be set during creation&#34;,&#xA;    }&#xA;    an empty namespace may not be set during creation&#xA;not to have occurred&#xA;/home/maruf/go/src/github.com/kubedb/mongodb/test/e2e/mongodb_test.go:199</failure>
          <system-out>[BeforeEach] MongoDB&#xA;  /home/maruf/go/src/github.com/kubedb/mongodb/test/e2e/mongodb_test.go:35&#xA;[BeforeEach] Test&#xA;  /home/maruf/go/src/github.com/kubedb/mongodb/test/e2e/mongodb_test.go:87&#xA;[BeforeEach] Snapshot&#xA;  /home/maruf/go/src/github.com/kubedb/mongodb/test/e2e/mongodb_test.go:188&#xA;[BeforeEach] In S3&#xA;  /home/maruf/go/src/github.com/kubedb/mongodb/test/e2e/mongodb_test.go:247&#xA;[It] should take Snapshot successfully&#xA;  /home/maruf/go/src/github.com/kubedb/mongodb/test/e2e/mongodb_test.go:255&#xA;�[1mSTEP�[0m: Create MongoDB: mongodb-ypinfq&#xA;�[1mSTEP�[0m: Wait for Running mongodb&#xA;�[1mSTEP�[0m: Create Secret&#xA;[AfterEach] Snapshot&#xA;  /home/maruf/go/src/github.com/kubedb/mongodb/test/e2e/mongodb_test.go:184&#xA;</system-out>
      </testcase>
      <testcase name="MongoDB Test Snapshot In GCS Without Init should take Snapshot successfully" classname="e2e Suite" time="74.837602634"></testcase>
      <testcase name="MongoDB Test Snapshot In GCS With Init should take Snapshot successfully" classname="e2e Suite" time="63.240753532"></testcase>
  </testsuite>