<?xml version="1.0" encoding="UTF-8"?>
  <testsuite tests="3" failures="0" time="140.259951706">
      <testcase name="MongoDB Test General - should run successfully" classname="e2e Suite" time="45.083448796"></testcase>
      <testcase name="MongoDB Test General With PVC should run successfully" classname="e2e Suite" time="55.082462752"></testcase>
  </testsuite>