<?xml version="1.0" encoding="UTF-8"?>
  <testsuite tests="13" failures="0" time="1386.941565843">
      <testcase name="MongoDB Test General Without PVC should run successfully" classname="e2e Suite" time="0">
          <skipped></skipped>
      </testcase>
      <testcase name="MongoDB Test General With PVC should run successfully" classname="e2e Suite" time="0">
          <skipped></skipped>
      </testcase>
      <testcase name="MongoDB Test DoNotPause should work successfully" classname="e2e Suite" time="0">
          <skipped></skipped>
      </testcase>
      <testcase name="MongoDB Test Snapshot In Local should take Snapshot successfully" classname="e2e Suite" time="47.563955771"></testcase>
      <testcase name="MongoDB Test Snapshot In Local Without PVC should run successfully" classname="e2e Suite" time="52.726101816"></testcase>
      <testcase name="MongoDB Test Snapshot In S3 should take Snapshot successfully" classname="e2e Suite" time="0">
          <skipped></skipped>
      </testcase>
      <testcase name="MongoDB Test Snapshot In GCS should take Snapshot successfully" classname="e2e Suite" time="55.990711935"></testcase>
      <testcase name="MongoDB Test Snapshot In GCS With Init should resume DormantDatabase successfully" classname="e2e Suite" time="75.112458255"></testcase>
      <testcase name="MongoDB Test Snapshot In Azure should take Snapshot successfully" classname="e2e Suite" time="0">
          <skipped></skipped>
      </testcase>
      <testcase name="MongoDB Test Snapshot In Swift should take Snapshot successfully" classname="e2e Suite" time="0">
          <skipped></skipped>
      </testcase>
      <testcase name="MongoDB Test Initialize With Script should run successfully" classname="e2e Suite" time="48.021174789"></testcase>
      <testcase name="MongoDB Test Initialize With Snapshot should run successfully" classname="e2e Suite" time="129.050960379"></testcase>
      <testcase name="MongoDB Test Resume Without Init should resume DormantDatabase successfully" classname="e2e Suite" time="71.229465381"></testcase>
      <testcase name="MongoDB Test Resume with init Script should resume DormantDatabase successfully" classname="e2e Suite" time="62.739272826"></testcase>
      <testcase name="MongoDB Test Resume With Snapshot Init should resume successfully" classname="e2e Suite" time="156.41910918"></testcase>
      <testcase name="MongoDB Test Resume Multiple times with init should resume DormantDatabase successfully" classname="e2e Suite" time="152.273520748"></testcase>
      <testcase name="MongoDB Test SnapshotScheduler With Startup with local should run schedular successfully" classname="e2e Suite" time="172.233567055"></testcase>
      <testcase name="MongoDB Test SnapshotScheduler With Startup with GCS and PVC should run schedular successfully" classname="e2e Suite" time="182.138013467"></testcase>
      <testcase name="MongoDB Test SnapshotScheduler With Update should run schedular successfully" classname="e2e Suite" time="165.672291613"></testcase>
  </testsuite>