<?xml version="1.0" encoding="UTF-8"?>
  <testsuite tests="6" failures="0" time="288.330655939">
      <testcase name="MongoDB Test General Without PVC should run successfully" classname="e2e Suite" time="37.25522511"></testcase>
      <testcase name="MongoDB Test General With PVC should run successfully" classname="e2e Suite" time="63.321832025"></testcase>
      <testcase name="MongoDB Test DoNotPause should work successfully" classname="e2e Suite" time="63.495780163"></testcase>
      <testcase name="MongoDB Test Snapshot In Local should take Snapshot successfully" classname="e2e Suite" time="59.068760912"></testcase>
      <testcase name="MongoDB Test Snapshot In Local Without PVC should run successfully" classname="e2e Suite" time="42.703244013"></testcase>
      <testcase name="MongoDB Test Snapshot In S3 should take Snapshot successfully" classname="e2e Suite" time="0">
          <skipped></skipped>
      </testcase>
  </testsuite>