<?xml version="1.0" encoding="UTF-8"?>
  <testsuite tests="8" failures="2" time="689.745023038">
      <testcase name="MongoDB Test General Without PVC should run successfully" classname="e2e Suite" time="231.336579695"></testcase>
      <testcase name="MongoDB Test General With PVC should run successfully" classname="e2e Suite" time="107.171979879"></testcase>
      <testcase name="MongoDB Test DoNotPause should work successfully" classname="e2e Suite" time="73.917366437"></testcase>
      <testcase name="MongoDB Test Snapshot In Local should take Snapshot successfully" classname="e2e Suite" time="114.51274299"></testcase>
      <testcase name="MongoDB Test Snapshot In Local Without PVC should run successfully" classname="e2e Suite" time="92.43573434"></testcase>
      <testcase name="MongoDB Test Snapshot In S3 should take Snapshot successfully" classname="e2e Suite" time="21.885381017">
          <failure type="Failure">/home/maruf/go/src/github.com/kubedb/mongodb/test/e2e/mongodb_test.go:255&#xA;Expected error:&#xA;    &lt;*errors.errorString | 0xc420496350&gt;: {&#xA;        s: &#34;an empty namespace may not be set during creation&#34;,&#xA;    }&#xA;    an empty namespace may not be set during creation&#xA;not to have occurred&#xA;/home/maruf/go/src/github.com/kubedb/mongodb/test/e2e/mongodb_test.go:199</failure>
          <system-out>[BeforeEach] MongoDB&#xA;  /home/maruf/go/src/github.com/kubedb/mongodb/test/e2e/mongodb_test.go:35&#xA;[BeforeEach] Test&#xA;  /home/maruf/go/src/github.com/kubedb/mongodb/test/e2e/mongodb_test.go:87&#xA;[BeforeEach] Snapshot&#xA;  /home/maruf/go/src/github.com/kubedb/mongodb/test/e2e/mongodb_test.go:188&#xA;[BeforeEach] In S3&#xA;  /home/maruf/go/src/github.com/kubedb/mongodb/test/e2e/mongodb_test.go:247&#xA;[It] should take Snapshot successfully&#xA;  /home/maruf/go/src/github.com/kubedb/mongodb/test/e2e/mongodb_test.go:255&#xA;�[1mSTEP�[0m: Create MongoDB: mongodb-64v6t6&#xA;�[1mSTEP�[0m: Wait for Running mongodb&#xA;�[1mSTEP�[0m: Create Secret&#xA;[AfterEach] Snapshot&#xA;  /home/maruf/go/src/github.com/kubedb/mongodb/test/e2e/mongodb_test.go:184&#xA;</system-out>
      </testcase>
      <testcase name="MongoDB Test Snapshot In GCS Without Init should take Snapshot successfully" classname="e2e Suite" time="30.23404411">
          <failure type="Failure">/home/maruf/go/src/github.com/kubedb/mongodb/test/e2e/mongodb_test.go:268&#xA;Expected error:&#xA;    &lt;*errors.StatusError | 0xc4202b7ef0&gt;: {&#xA;        ErrStatus: {&#xA;            TypeMeta: {Kind: &#34;&#34;, APIVersion: &#34;&#34;},&#xA;            ListMeta: {SelfLink: &#34;&#34;, ResourceVersion: &#34;&#34;, Continue: &#34;&#34;},&#xA;            Status: &#34;Failure&#34;,&#xA;            Message: &#34;mongodbs.kubedb.com \&#34;mongodb-3v6wl3\&#34; not found&#34;,&#xA;            Reason: &#34;NotFound&#34;,&#xA;            Details: {&#xA;                Name: &#34;mongodb-3v6wl3&#34;,&#xA;                Group: &#34;kubedb.com&#34;,&#xA;                Kind: &#34;mongodbs&#34;,&#xA;                UID: &#34;&#34;,&#xA;                Causes: nil,&#xA;                RetryAfterSeconds: 0,&#xA;            },&#xA;            Code: 404,&#xA;        },&#xA;    }&#xA;    mongodbs.kubedb.com &#34;mongodb-3v6wl3&#34; not found&#xA;not to have occurred&#xA;/home/maruf/go/src/github.com/kubedb/mongodb/test/e2e/framework/mongodb.go:74</failure>
          <system-out>�[1mSTEP�[0m: Cleanup Left Overs&#xA;�[1mSTEP�[0m: Delete Admission Controller Configs&#xA;�[1mSTEP�[0m: Delete left over MongoDB objects&#xA;�[1mSTEP�[0m: Delete left over Dormant Database objects&#xA;�[1mSTEP�[0m: Delete left over Snapshot objects&#xA;�[1mSTEP�[0m: Delete Namespace&#xA;[AfterEach] Snapshot&#xA;  /home/maruf/go/src/github.com/kubedb/mongodb/test/e2e/mongodb_test.go:184&#xA;</system-out>
      </testcase>
  </testsuite>